2023-10-02T09:58:09.104Z info: POST:/api/auth
2023-10-02T09:59:15.012Z info: POST:/api/auth
2023-10-02T10:02:19.191Z info: POST:/api/auth
2023-10-02T10:03:04.187Z info: POST:/api/auth
2023-10-02T10:04:12.408Z info: POST:/jwt/register
2023-10-02T10:05:36.581Z info: POST:/jwt/register
2023-10-02T10:06:47.319Z info: POST:/api/jwt/register
2023-10-02T10:07:54.880Z info: POST:/api/auth/jwt/register
2023-10-02T10:25:25.187Z info: POST:/api/auth/jwt/register
2023-10-04T09:18:18.761Z info: GET:/api/newsposts?page=1&size=6
2023-10-04T09:18:18.764Z info: BODY:{}
2023-10-04T09:18:18.765Z info: FIELDS:{}
2023-10-04T09:18:18.797Z info: GET:/api/newsposts?page=1&size=6
2023-10-04T09:18:18.800Z info: BODY:{}
2023-10-04T09:18:18.802Z info: FIELDS:{}
2023-10-04T09:26:13.765Z info: GET:/api/newsposts?page=1&size=6
2023-10-04T09:26:13.766Z info: BODY:{}
2023-10-04T09:26:13.767Z info: FIELDS:{}
2023-10-04T09:26:13.777Z info: GET:/api/newsposts?page=1&size=6
2023-10-04T09:26:13.778Z info: BODY:{}
2023-10-04T09:26:13.779Z info: FIELDS:{}
2023-10-04T10:01:51.800Z info: GET:/api/newsposts?page=1&size=6
2023-10-04T10:01:51.834Z info: BODY:{}
2023-10-04T10:01:51.835Z info: FIELDS:{}
2023-10-04T10:01:51.885Z info: GET:/api/newsposts?page=1&size=6
2023-10-04T10:01:51.886Z info: BODY:{}
2023-10-04T10:01:51.886Z info: FIELDS:{}
2023-10-04T10:06:58.620Z info: GET:/api/newsposts?page=1&size=6
2023-10-04T10:06:58.621Z info: BODY:{}
2023-10-04T10:06:58.621Z info: FIELDS:{}
2023-10-04T10:06:58.652Z info: GET:/api/newsposts?page=1&size=6
2023-10-04T10:06:58.658Z info: BODY:{}
2023-10-04T10:06:58.659Z info: FIELDS:{}
2023-10-04T10:09:35.206Z info: GET:/api/newsposts?page=1&size=6
2023-10-04T10:09:35.207Z info: BODY:{}
2023-10-04T10:09:35.207Z info: FIELDS:{}
2023-10-04T10:09:35.291Z info: GET:/api/newsposts?page=1&size=6
2023-10-04T10:09:35.291Z info: BODY:{}
2023-10-04T10:09:35.293Z info: FIELDS:{}
2023-10-04T10:10:49.058Z info: GET:/api/newsposts?page=1&size=6
2023-10-04T10:10:49.059Z info: BODY:{}
2023-10-04T10:10:49.059Z info: FIELDS:{}
2023-10-04T10:10:49.070Z info: GET:/api/newsposts?page=1&size=6
2023-10-04T10:10:49.071Z info: BODY:{}
2023-10-04T10:10:49.071Z info: FIELDS:{}
2023-10-04T10:11:50.142Z info: GET:/api/newsposts?page=1&size=6
2023-10-04T10:11:50.142Z info: BODY:{}
2023-10-04T10:11:50.143Z info: FIELDS:{}
2023-10-04T10:11:50.154Z info: GET:/api/newsposts?page=1&size=6
2023-10-04T10:11:50.155Z info: BODY:{}
2023-10-04T10:11:50.155Z info: FIELDS:{}
2023-10-04T10:31:12.861Z info: GET:/api/newsposts?page=1&size=6
2023-10-04T10:31:12.883Z info: BODY:{}
2023-10-04T10:31:12.884Z info: FIELDS:{}
2023-10-04T10:31:19.676Z info: GET:/api/newsposts?page=1&size=6
2023-10-04T10:31:19.678Z info: BODY:{}
2023-10-04T10:31:19.679Z info: FIELDS:{}
2023-10-04T10:31:19.692Z info: GET:/api/newsposts?page=1&size=6
2023-10-04T10:31:19.694Z info: BODY:{}
2023-10-04T10:31:19.695Z info: FIELDS:{}
2023-10-04T10:31:49.940Z info: POST:/api/auth/login
2023-10-04T11:12:39.174Z info: GET:/api/newsposts?page=1&size=6
2023-10-04T11:12:39.181Z info: BODY:{}
2023-10-04T11:12:39.182Z info: FIELDS:{}
2023-10-04T11:12:39.186Z info: GET:/api/newsposts?page=1&size=6
2023-10-04T11:12:39.187Z info: BODY:{}
2023-10-04T11:12:39.188Z info: FIELDS:{}
2023-10-04T11:12:52.741Z info: POST:/api/auth/login
2023-10-04T11:14:05.511Z info: POST:/api/auth/login
2023-10-04T11:16:20.546Z info: GET:/api/newsposts?page=1&size=6
2023-10-04T11:16:20.546Z info: BODY:{}
2023-10-04T11:16:20.547Z info: FIELDS:{}
2023-10-04T11:16:20.630Z info: GET:/api/newsposts?page=1&size=6
2023-10-04T11:16:20.631Z info: BODY:{}
2023-10-04T11:16:20.631Z info: FIELDS:{}
2023-10-04T11:18:25.872Z info: GET:/api/newsposts?page=1&size=6
2023-10-04T11:18:25.873Z info: BODY:{}
2023-10-04T11:18:25.873Z info: FIELDS:{}
2023-10-04T11:18:25.874Z info: GET:/api/newsposts?page=1&size=6
2023-10-04T11:18:25.875Z info: BODY:{}
2023-10-04T11:18:25.875Z info: FIELDS:{}
2023-10-04T11:18:45.856Z info: GET:/api/newsposts?page=1&size=6
2023-10-04T11:18:45.857Z info: BODY:{}
2023-10-04T11:18:45.857Z info: FIELDS:{}
2023-10-04T11:20:18.874Z info: GET:/api/newsposts?page=1&size=6
2023-10-04T11:20:18.875Z info: BODY:{}
2023-10-04T11:20:18.875Z info: FIELDS:{}
2023-10-04T11:22:06.856Z info: GET:/api/newsposts?page=1&size=6
2023-10-04T11:22:06.857Z info: BODY:{}
2023-10-04T11:22:06.857Z info: FIELDS:{}
2023-10-04T11:22:17.891Z info: GET:/api/newsposts?page=1&size=6
2023-10-04T11:22:17.892Z info: BODY:{}
2023-10-04T11:22:17.893Z info: FIELDS:{}
2023-10-04T11:25:36.860Z info: GET:/api/newsposts?page=1&size=6
2023-10-04T11:25:36.860Z info: BODY:{}
2023-10-04T11:25:36.861Z info: FIELDS:{}
2023-10-04T11:27:56.928Z info: GET:/api/newsposts?page=1&size=6
2023-10-04T11:27:56.928Z info: BODY:{}
2023-10-04T11:27:56.929Z info: FIELDS:{}
2023-10-04T11:27:56.931Z info: GET:/api/newsposts?page=1&size=6
2023-10-04T11:27:56.931Z info: BODY:{}
2023-10-04T11:27:56.932Z info: FIELDS:{}
2023-10-04T11:31:11.844Z info: GET:/api/newsposts?page=1&size=6
2023-10-04T11:31:11.845Z info: BODY:{}
2023-10-04T11:31:11.845Z info: FIELDS:{}
2023-10-04T11:31:31.623Z info: GET:/api/newsposts?page=1&size=6
2023-10-04T11:31:31.624Z info: BODY:{}
2023-10-04T11:31:31.625Z info: FIELDS:{}
2023-10-04T11:31:31.626Z info: GET:/api/newsposts?page=1&size=6
2023-10-04T11:31:31.627Z info: BODY:{}
2023-10-04T11:31:31.627Z info: FIELDS:{}
2023-10-04T11:32:41.594Z info: GET:/api/newsposts?page=1&size=6
2023-10-04T11:32:41.595Z info: BODY:{}
2023-10-04T11:32:41.595Z info: FIELDS:{}
2023-10-04T11:32:41.764Z info: GET:/api/newsposts?page=1&size=6
2023-10-04T11:32:41.765Z info: BODY:{}
2023-10-04T11:32:41.766Z info: FIELDS:{}
2023-10-04T11:32:53.292Z info: GET:/api/newsposts?page=1&size=6
2023-10-04T11:32:53.293Z info: BODY:{}
2023-10-04T11:32:53.294Z info: FIELDS:{}
2023-10-04T11:32:53.295Z info: GET:/api/newsposts?page=1&size=6
2023-10-04T11:32:53.296Z info: BODY:{}
2023-10-04T11:32:53.296Z info: FIELDS:{}
2023-10-04T11:33:05.492Z info: POST:/api/auth/login
2023-10-04T11:34:02.516Z info: GET:/api/newsposts?page=1&size=6
2023-10-04T11:34:02.517Z info: BODY:{}
2023-10-04T11:34:02.517Z info: FIELDS:{}
2023-10-04T11:34:02.517Z info: GET:/api/newsposts?page=1&size=6
2023-10-04T11:34:02.518Z info: BODY:{}
2023-10-04T11:34:02.518Z info: FIELDS:{}
2023-10-04T11:34:15.112Z info: GET:/api/newsposts?page=1&size=6
2023-10-04T11:34:15.113Z info: BODY:{}
2023-10-04T11:34:15.113Z info: FIELDS:{}
2023-10-04T11:34:15.114Z info: GET:/api/newsposts?page=1&size=6
2023-10-04T11:34:15.115Z info: BODY:{}
2023-10-04T11:34:15.115Z info: FIELDS:{}
2023-10-04T11:36:07.989Z info: GET:/api/newsposts?page=1&size=6
2023-10-04T11:36:07.994Z info: BODY:{}
2023-10-04T11:36:07.995Z info: FIELDS:{}
2023-10-04T11:36:08.000Z info: GET:/api/newsposts?page=1&size=6
2023-10-04T11:36:08.001Z info: BODY:{}
2023-10-04T11:36:08.002Z info: FIELDS:{}
2023-10-04T11:43:09.023Z info: GET:/api/newsposts?page=1&size=6
2023-10-04T11:43:09.036Z info: BODY:{}
2023-10-04T11:43:09.038Z info: FIELDS:{}
2023-10-04T11:44:16.633Z info: GET:/api/newsposts?page=1&size=6
2023-10-04T11:44:16.635Z info: BODY:{}
2023-10-04T11:44:16.636Z info: FIELDS:{}
2023-10-04T11:44:16.640Z info: GET:/api/newsposts?page=1&size=6
2023-10-04T11:44:16.642Z info: BODY:{}
2023-10-04T11:44:16.642Z info: FIELDS:{}
2023-10-04T11:44:27.185Z info: GET:/api/newsposts?page=1&size=6
2023-10-04T11:44:27.186Z info: BODY:{}
2023-10-04T11:44:27.187Z info: FIELDS:{}
2023-10-04T11:44:50.781Z info: POST:/api/auth/login
2023-10-04T11:46:05.865Z info: GET:/api/newsposts?page=1&size=6
2023-10-04T11:46:05.866Z info: BODY:{}
2023-10-04T11:46:05.869Z info: FIELDS:{}
2023-10-04T11:46:05.967Z info: GET:/api/newsposts?page=1&size=6
2023-10-04T11:46:05.968Z info: BODY:{}
2023-10-04T11:46:05.969Z info: FIELDS:{}
2023-10-04T11:46:13.906Z info: GET:/api/newsposts?page=1&size=6
2023-10-04T11:46:13.907Z info: BODY:{}
2023-10-04T11:46:13.908Z info: FIELDS:{}
2023-10-04T11:46:13.911Z info: GET:/api/newsposts?page=1&size=6
2023-10-04T11:46:13.912Z info: BODY:{}
2023-10-04T11:46:13.912Z info: FIELDS:{}
2023-10-04T11:46:48.863Z info: GET:/api/newsposts?page=1&size=6
2023-10-04T11:46:48.864Z info: BODY:{}
2023-10-04T11:46:48.864Z info: FIELDS:{}
2023-10-04T11:47:10.882Z info: GET:/api/newsposts?page=1&size=6
2023-10-04T11:47:10.884Z info: BODY:{}
2023-10-04T11:47:10.885Z info: FIELDS:{}
2023-10-04T11:47:10.892Z info: GET:/api/newsposts?page=1&size=6
2023-10-04T11:47:10.893Z info: BODY:{}
2023-10-04T11:47:10.894Z info: FIELDS:{}
2023-10-04T11:47:46.852Z info: GET:/api/newsposts?page=1&size=6
2023-10-04T11:47:46.854Z info: BODY:{}
2023-10-04T11:47:46.855Z info: FIELDS:{}
2023-10-04T11:48:04.876Z info: GET:/api/newsposts?page=1&size=6
2023-10-04T11:48:04.878Z info: BODY:{}
2023-10-04T11:48:04.879Z info: FIELDS:{}
2023-10-04T11:48:44.668Z info: GET:/api/newsposts?page=1&size=6
2023-10-04T11:48:44.668Z info: BODY:{}
2023-10-04T11:48:44.669Z info: FIELDS:{}
2023-10-04T11:49:04.881Z info: GET:/api/newsposts?page=1&size=6
2023-10-04T11:49:04.882Z info: BODY:{}
2023-10-04T11:49:04.883Z info: FIELDS:{}
2023-10-04T11:54:49.799Z info: GET:/api/newsposts?page=1&size=6
2023-10-04T11:54:49.801Z info: BODY:{}
2023-10-04T11:54:49.802Z info: FIELDS:{}
2023-10-04T11:54:58.889Z info: GET:/api/newsposts?page=1&size=6
2023-10-04T11:54:58.890Z info: BODY:{}
2023-10-04T11:54:58.891Z info: FIELDS:{}
2023-10-04T11:54:58.893Z info: GET:/api/newsposts?page=1&size=6
2023-10-04T11:54:58.894Z info: BODY:{}
2023-10-04T11:54:58.894Z info: FIELDS:{}
2023-10-04T12:02:11.911Z info: GET:/api/newsposts?page=1&size=6
2023-10-04T12:02:11.915Z info: BODY:{}
2023-10-04T12:02:11.916Z info: FIELDS:{}
2023-10-04T12:02:11.920Z info: GET:/api/newsposts?page=1&size=6
2023-10-04T12:02:11.921Z info: BODY:{}
2023-10-04T12:02:11.921Z info: FIELDS:{}
2023-10-04T12:03:15.838Z info: GET:/api/newsposts?page=1&size=6
2023-10-04T12:03:15.841Z info: BODY:{}
2023-10-04T12:03:15.842Z info: FIELDS:{}
2023-10-04T12:04:52.863Z info: GET:/api/newsposts?page=1&size=6
2023-10-04T12:04:52.866Z info: BODY:{}
2023-10-04T12:04:52.867Z info: FIELDS:{}
2023-10-04T12:05:00.532Z info: GET:/api/newsposts?page=1&size=6
2023-10-04T12:05:00.533Z info: BODY:{}
2023-10-04T12:05:00.536Z info: FIELDS:{}
2023-10-04T12:05:00.551Z info: GET:/api/newsposts?page=1&size=6
2023-10-04T12:05:00.551Z info: BODY:{}
2023-10-04T12:05:00.552Z info: FIELDS:{}
2023-10-04T12:05:12.605Z info: POST:/api/auth/login
2023-10-04T12:08:06.367Z info: GET:/api/newsposts?page=1&size=6
2023-10-04T12:08:06.369Z info: BODY:{}
2023-10-04T12:08:06.369Z info: FIELDS:{}
2023-10-04T12:31:23.567Z info: GET:/api/newsposts?page=1&size=6
2023-10-04T12:31:23.592Z info: BODY:{}
2023-10-04T12:31:23.593Z info: FIELDS:{}
2023-10-04T12:31:23.611Z info: GET:/api/newsposts?page=1&size=6
2023-10-04T12:31:23.617Z info: BODY:{}
2023-10-04T12:31:23.619Z info: FIELDS:{}
2023-10-04T12:42:23.771Z info: GET:/api/newsposts?page=1&size=6
2023-10-04T12:42:23.778Z info: BODY:{}
2023-10-04T12:42:23.780Z info: FIELDS:{}
2023-10-04T12:42:23.787Z info: GET:/api/newsposts?page=1&size=6
2023-10-04T12:42:23.788Z info: BODY:{}
2023-10-04T12:42:23.792Z info: FIELDS:{}
2023-10-04T12:44:32.093Z info: GET:/api/newsposts?page=1&size=6
2023-10-04T12:44:32.095Z info: BODY:{}
2023-10-04T12:44:32.096Z info: FIELDS:{}
2023-10-04T12:44:32.102Z info: GET:/api/newsposts?page=1&size=6
2023-10-04T12:44:32.103Z info: BODY:{}
2023-10-04T12:44:32.103Z info: FIELDS:{}
2023-10-04T12:45:06.536Z info: GET:/api/newsposts?page=1&size=6
2023-10-04T12:45:06.537Z info: BODY:{}
2023-10-04T12:45:06.538Z info: FIELDS:{}
2023-10-04T12:45:06.543Z info: GET:/api/newsposts?page=1&size=6
2023-10-04T12:45:06.544Z info: BODY:{}
2023-10-04T12:45:06.545Z info: FIELDS:{}
2023-10-04T12:47:50.403Z info: GET:/api/newsposts?page=1&size=6
2023-10-04T12:47:50.404Z info: BODY:{}
2023-10-04T12:47:50.404Z info: FIELDS:{}
2023-10-04T12:47:50.411Z info: GET:/api/newsposts?page=1&size=6
2023-10-04T12:47:50.412Z info: BODY:{}
2023-10-04T12:47:50.412Z info: FIELDS:{}
2023-10-04T12:49:36.972Z info: GET:/api/newsposts?page=1&size=6
2023-10-04T12:49:36.973Z info: BODY:{}
2023-10-04T12:49:36.973Z info: FIELDS:{}
2023-10-04T12:49:36.976Z info: GET:/api/newsposts?page=1&size=6
2023-10-04T12:49:36.977Z info: BODY:{}
2023-10-04T12:49:36.978Z info: FIELDS:{}
2023-10-04T12:53:33.917Z info: POST:/api/auth/signup
2023-10-04T12:55:47.294Z info: GET:/api/newsposts?page=1&size=6
2023-10-04T12:55:47.295Z info: BODY:{}
2023-10-04T12:55:47.296Z info: FIELDS:{}
2023-10-04T12:55:47.299Z info: GET:/api/newsposts?page=1&size=6
2023-10-04T12:55:47.300Z info: BODY:{}
2023-10-04T12:55:47.301Z info: FIELDS:{}
2023-10-04T13:02:45.108Z info: POST:/api/auth/login
2023-10-04T13:02:46.031Z info: DELETE:/api/newsposts/8
2023-10-04T13:02:46.034Z info: BODY:{}
2023-10-04T13:02:46.034Z info: FIELDS:{}
2023-10-04T13:20:27.519Z info: GET:/api/newsposts?page=1&size=6
2023-10-04T13:20:27.523Z info: BODY:{}
2023-10-04T13:20:27.523Z info: FIELDS:{}
2023-10-04T13:20:27.527Z info: GET:/api/newsposts?page=1&size=6
2023-10-04T13:20:27.527Z info: BODY:{}
2023-10-04T13:20:27.527Z info: FIELDS:{}
2023-10-04T13:21:44.692Z info: GET:/api/newsposts?page=1&size=6
2023-10-04T13:21:44.694Z info: BODY:{}
2023-10-04T13:21:44.694Z info: FIELDS:{}
2023-10-04T13:21:44.696Z info: GET:/api/newsposts?page=1&size=6
2023-10-04T13:21:44.698Z info: BODY:{}
2023-10-04T13:21:44.699Z info: FIELDS:{}
2023-10-31T08:08:43.681Z info: GET:/api/newsposts?page=1&size=6
2023-10-31T08:08:43.686Z info: BODY:{}
2023-10-31T08:08:43.687Z info: FIELDS:{}
2023-10-31T08:08:44.018Z info: GET:/api/newsposts?page=1&size=6
2023-10-31T08:08:44.019Z info: BODY:{}
2023-10-31T08:08:44.019Z info: FIELDS:{}
2023-10-31T08:08:44.176Z info: GET:/favicon.ico
2024-07-11T20:42:42.212Z info: POST:/api/auth/register
2024-07-11T20:42:53.153Z info: POST:/api/auth/register
2024-07-11T20:45:19.730Z info: POST:/api/auth/register
2024-07-11T20:53:20.350Z info: POST:/api/auth/register
2024-07-11T20:54:22.150Z info: POST:/api/auth/register
2024-07-11T20:55:43.487Z info: POST:/api/auth/register
2024-07-11T20:56:29.923Z info: POST:/api/auth/register
2024-07-11T21:02:58.337Z info: POST:/api/auth/register
2024-07-11T21:08:00.983Z info: POST:/api/auth/register
2024-07-11T21:08:53.159Z info: POST:/api/auth/register
2024-07-11T21:13:52.172Z info: POST:/api/auth/register
2024-07-11T21:14:44.650Z info: POST:/api/auth/register
2024-07-12T06:37:50.943Z info: POST:/api/auth/register
2024-07-12T06:49:09.055Z info: POST:/api/auth/register
2024-07-12T07:06:42.837Z info: POST:/api/auth/register
2024-07-12T08:18:58.941Z info: POST:/api/auth/login
2024-07-12T08:20:45.179Z info: POST:/api/auth/login
2024-07-12T08:22:07.284Z info: POST:/api/auth/login
2024-07-12T08:23:19.369Z info: POST:/api/auth/register
2024-07-12T08:24:41.045Z info: POST:/api/auth/login
2024-07-19T20:09:13.973Z info: GET:/api/doctors
2024-07-19T20:18:39.876Z info: GET:/api/doctors
2024-07-19T20:21:53.546Z info: GET:/api/doctors
2024-07-19T20:24:45.076Z info: GET:/api/doctors
2024-07-19T20:25:28.894Z info: GET:/api/doctors
2024-07-19T20:27:05.320Z info: GET:/api/doctors
2024-07-19T20:29:11.345Z info: GET:/api/doctors
2024-07-19T20:30:41.526Z info: GET:/api/doctors
2024-07-19T20:33:10.277Z info: GET:/api/doctors
2024-07-19T20:36:52.066Z info: GET:/api/doctors
2024-07-20T19:01:17.380Z info: GET:/api/doctors
2024-07-20T19:02:30.320Z info: GET:/api/doctors
2024-07-20T19:05:09.340Z info: GET:/api/doctors
2024-07-20T19:06:21.813Z info: GET:/api/doctors?specialization=Neurology
2024-07-20T19:10:46.847Z info: GET:/api/doctors?specialization=Neurology
2024-07-20T19:11:00.028Z info: GET:/api/doctors?specialization=Neurology
2024-07-20T19:17:16.744Z info: POST:/api/auth/register
2024-07-20T19:24:24.843Z info: GET:/api/doctors?specialization=Neurology
2024-07-20T19:24:31.930Z info: GET:/api/doctors?specialization=Neurology
2024-07-20T19:25:13.120Z info: GET:/api/doctors?specialization=Neurology
2024-07-20T19:26:21.999Z info: GET:/api/doctors?specialization=Neurology
2024-07-20T19:27:35.285Z info: GET:/api/doctors?specialization=Neurology
2024-07-20T20:29:38.722Z info: GET:/api/doctors?specialization=Neurology
2024-07-20T20:50:29.782Z info: GET:/api/doctors?specialization=Neurology
2024-07-20T20:56:43.734Z info: GET:/api/doctors?specialization=Neurology
2024-07-20T20:58:20.324Z info: GET:/api/doctors?specialization=Neurology
2024-07-20T21:02:56.273Z info: GET:/api/doctors
2024-07-20T21:07:42.446Z info: GET:/api/doctors
2024-07-20T21:08:47.894Z info: GET:/api/doctors
2024-07-20T21:09:48.733Z info: GET:/api/doctors
2024-07-23T07:10:16.266Z info: GET:/api/doctors
2024-07-23T07:21:54.039Z info: POST:/api/appointment
2024-07-23T07:22:01.949Z info: POST:/api/appointments
2024-07-23T07:23:22.108Z info: POST:/api/auth/register
2024-07-23T07:35:28.628Z error: Unexpected token { in JSON at position 20
2024-07-23T07:39:52.468Z error: Unexpected token { in JSON at position 20
2024-07-23T07:40:54.690Z error: Unexpected token { in JSON at position 20
2024-07-23T07:43:57.031Z info: POST:/api/appointments
2024-07-23T07:44:33.747Z info: POST:/api/appointments
2024-07-23T07:44:33.753Z error: Cannot read properties of undefined (reading 'appointmentService')
2024-07-23T07:47:23.499Z info: POST:/api/appointments
2024-07-23T07:47:23.526Z error: Cannot read properties of undefined (reading 'appointmentService')
2024-07-23T07:52:03.988Z info: POST:/api/appointments
2024-07-23T07:52:04.000Z error: Cannot read properties of undefined (reading 'appointmentsService')
2024-07-23T07:55:51.141Z info: POST:/api/appointments
2024-07-23T07:57:49.594Z info: POST:/api/appointments
2024-07-23T08:02:01.178Z info: POST:/api/appointments
2024-07-23T08:05:42.916Z info: POST:/api/appointments
2024-07-23T08:10:24.012Z info: POST:/api/appointments
2024-07-23T08:10:57.345Z info: POST:/api/appointments
2024-07-23T08:11:48.651Z info: POST:/api/auth/register
2024-07-23T08:12:11.714Z info: POST:/api/appointments
2024-07-23T08:14:09.752Z info: POST:/api/appointments
2024-07-23T08:14:56.429Z info: POST:/api/appointments
2024-07-23T08:15:30.523Z info: POST:/api/appointments
2024-07-23T08:19:32.296Z info: POST:/api/appointments
2024-07-23T08:32:40.714Z info: PUT:/api/appointments
2024-07-23T08:37:00.866Z info: PUT:/api/appointments
2024-07-23T08:47:29.039Z info: GET:/api/appointments/3
2024-07-23T08:47:50.475Z info: PUT:/api/appointments
2024-07-23T08:50:08.643Z info: GET:/api/appointments/3
2024-07-23T08:51:15.025Z info: GET:/api/appointments/3
2024-07-23T08:52:02.493Z info: GET:/api/appointments/3
2024-07-23T10:16:55.518Z info: DELETE:/api/appointments/9
2024-07-23T10:18:02.648Z info: DELETE:/api/appointments/9
2024-07-23T10:18:43.664Z info: DELETE:/api/appointments/9
2024-07-24T11:18:42.114Z info: POST:/api/auth/register
2024-07-24T11:20:33.988Z info: POST:/api/auth/register
2024-07-24T11:21:28.208Z info: POST:/api/auth/register
2024-07-24T11:22:19.700Z info: POST:/api/auth/register
2024-07-24T11:23:03.743Z info: GET:/api/doctors
2024-07-24T11:24:24.186Z info: GET:/api/doctors
2024-07-24T11:41:49.872Z info: GET:/api/doctors/29
2024-07-24T11:44:05.196Z info: GET:/api/doctors/29
2024-07-24T11:45:13.287Z info: GET:/api/doctors/29
2024-07-24T11:45:49.108Z info: GET:/api/doctors/29
2024-07-24T11:46:59.591Z info: GET:/api/doctors/29
2024-07-24T11:48:14.720Z info: GET:/api/doctors/29
2024-07-24T11:48:40.610Z info: GET:/api/doctors/29
2024-07-24T11:51:11.543Z info: GET:/api/doctors/29
2024-07-24T12:36:35.499Z info: GET:/api/doctors/Cardiology
2024-07-24T12:44:45.364Z error: Unexpected token a in JSON at position 16
2024-07-24T12:46:09.014Z info: POST:/api/auth/register
2024-07-24T13:04:25.733Z info: POST:/api/auth/register
2024-07-24T13:05:32.313Z info: POST:/api/auth/register
2024-07-24T13:06:40.387Z info: POST:/api/auth/register
2024-07-24T13:07:08.988Z info: POST:/api/auth/login
2024-07-24T13:12:26.295Z info: POST:/api/auth/login
2024-07-24T13:15:43.175Z info: POST:/api/auth/register
2024-07-24T13:16:56.472Z info: POST:/api/auth/register
2024-07-24T13:18:10.147Z info: POST:/api/auth/register
2024-07-24T13:18:33.451Z info: POST:/api/auth/login
2024-07-24T13:18:42.856Z info: GET:/api/doctors
2024-07-24T13:19:15.707Z info: GET:/api/doctors?specialization=Cardiology
2024-07-24T13:19:40.501Z info: GET:/api/doctors/eyJhbGciOiJIUzI1NiIsInR5cCI6IkpXVCJ9.eyJzdWIiOiJlQGdtYWlsLmNvbSIsIm5hbWUiOiJEZW5pcyBTYXJpayIsInJvbGUiOiJwYXRpZW50IiwiaWF0IjoxNzIxODI3MTE0LCJleHAiOjE3MjE4MjgwMTR9.-V0ZJ1l3QaNj6l93rpvV6yvSL2JKvgxPybnfSF3dBAE
2024-07-24T13:20:35.115Z info: GET:/api/doctors/1
2024-07-24T13:21:38.738Z info: POST:/api/appointments
2024-07-24T13:23:56.608Z info: POST:/api/appointments
2024-07-24T13:26:40.700Z info: POST:/api/appointments
2024-07-30T06:42:58.981Z info: GET:/
2024-07-30T06:42:59.000Z info: GET:/api/test
2024-07-30T06:47:42.439Z info: GET:/
2024-07-30T06:47:42.462Z info: GET:/api/test
2024-07-30T06:57:08.092Z info: GET:/
2024-07-30T06:57:08.106Z info: GET:/api/test
2024-07-30T06:57:35.412Z info: GET:/
2024-07-30T06:57:35.430Z info: GET:/test
2024-07-30T06:57:57.088Z info: GET:/api/test
2024-07-30T06:58:33.097Z info: GET:/api/api/test
2024-07-30T06:59:19.020Z info: GET:/api/api/test
2024-07-30T06:59:58.519Z info: GET:/api/test
2024-07-30T07:00:43.271Z info: GET:/api/test
2024-07-30T07:01:51.820Z info: GET:/api/test
2024-07-30T07:03:29.883Z info: GET:/api/test
2024-07-30T07:03:45.706Z info: GET:/
2024-07-30T07:03:45.719Z info: GET:/api/test
2024-07-30T07:04:44.800Z info: GET:/
2024-07-30T07:04:44.816Z info: GET:/api/test
2024-07-30T07:04:57.980Z info: GET:/api/test
2024-07-30T07:05:36.007Z info: GET:/
2024-07-30T07:05:36.039Z info: GET:/api/test
2024-07-30T07:06:18.940Z info: GET:/
2024-07-30T07:06:18.953Z info: GET:/test
2024-07-30T07:07:09.365Z info: GET:/
2024-07-30T07:07:09.398Z info: GET:/api/test
2024-07-30T07:10:10.882Z info: GET:/
2024-07-30T07:10:10.929Z info: GET:/api/test
2024-07-30T07:12:12.099Z info: GET:/
2024-07-30T07:12:12.142Z info: GET:/api/test
2024-07-30T07:25:14.282Z info: GET:/
2024-07-30T07:25:14.321Z info: GET:/api/test
2024-07-30T07:28:26.740Z info: GET:/
2024-07-30T07:28:26.807Z info: GET:/api/test
2024-07-30T07:33:24.475Z info: GET:/
2024-07-30T07:33:24.532Z info: GET:/api/test
2024-07-30T07:37:20.212Z info: GET:/
2024-07-30T07:37:20.264Z info: GET:/api/test
2024-07-30T07:40:11.181Z info: GET:/
2024-07-30T07:40:11.271Z info: GET:/api/test
2024-07-31T08:36:54.102Z info: GET:/
2024-07-31T08:36:54.477Z info: GET:/api/test
2024-07-31T08:41:16.600Z info: GET:/
2024-07-31T08:41:16.651Z info: GET:/api/test
2024-07-31T08:46:27.629Z info: GET:/
2024-07-31T08:46:27.655Z info: GET:/api/test
2024-08-02T13:23:02.738Z info: GET:/
2024-08-02T13:23:02.767Z info: GET:/api/test
2024-08-02T13:32:32.014Z info: GET:/
2024-08-02T13:32:32.109Z info: GET:/api/test
2024-08-06T10:02:57.735Z info: GET:/
2024-08-06T10:02:57.820Z info: GET:/api/test
2024-08-06T10:07:26.396Z info: GET:/
2024-08-06T10:07:26.469Z info: GET:/api/test
2024-08-06T10:17:04.362Z info: GET:/
2024-08-06T10:17:04.414Z info: GET:/api/test
2024-08-06T10:20:15.089Z info: GET:/
2024-08-06T10:20:15.154Z info: GET:/api/test
2024-08-06T10:24:32.370Z info: GET:/
2024-08-06T10:24:32.452Z info: GET:/api/test
2024-08-06T10:25:26.851Z info: GET:/
2024-08-06T10:25:26.931Z info: GET:/api/test
2024-08-06T10:26:25.001Z info: GET:/
2024-08-06T10:26:25.076Z info: GET:/api/test
2024-08-06T10:28:17.503Z info: GET:/
2024-08-06T10:28:17.574Z info: GET:/api/test
2024-08-06T10:32:16.599Z info: GET:/
2024-08-06T10:32:16.673Z info: GET:/api/test
2024-08-06T10:34:25.936Z info: GET:/
2024-08-06T10:34:26.008Z info: GET:/api/test
2024-08-06T10:37:09.568Z info: GET:/
2024-08-06T10:37:09.629Z info: GET:/api/test
2024-08-06T10:39:21.243Z info: GET:/
2024-08-06T10:39:21.320Z info: GET:/api/test
2024-08-06T10:41:53.816Z info: GET:/
2024-08-06T10:41:53.872Z info: GET:/api/test
2024-08-06T10:44:44.408Z info: GET:/
2024-08-06T10:44:44.469Z info: GET:/api/test
2024-08-06T10:48:13.519Z info: GET:/
2024-08-06T10:48:13.609Z info: GET:/api/test
2024-08-06T10:52:31.447Z info: GET:/
2024-08-06T10:52:31.500Z info: GET:/api/test
2024-08-06T10:55:31.579Z info: GET:/
2024-08-06T10:55:31.630Z info: GET:/api/test
2024-08-06T10:58:27.418Z info: GET:/
2024-08-06T10:58:27.477Z info: GET:/api/test
2024-08-06T12:26:06.122Z info: GET:/
2024-08-06T12:26:06.193Z info: GET:/api/test
2024-08-06T12:27:05.241Z info: GET:/
2024-08-06T12:27:05.280Z info: GET:/api/test
2024-08-06T12:27:41.365Z info: GET:/
2024-08-06T12:27:41.409Z info: GET:/api/test
2024-08-06T12:29:07.462Z info: GET:/
2024-08-06T12:29:07.512Z info: GET:/api/test
2024-08-06T12:29:42.641Z info: GET:/
2024-08-06T12:29:42.683Z info: GET:/api/test
2024-08-06T12:34:13.244Z info: GET:/
2024-08-06T12:34:13.299Z info: GET:/api/test
2024-08-06T12:35:30.896Z info: GET:/
2024-08-06T12:35:30.964Z info: GET:/api/test
2024-08-06T12:36:07.866Z info: GET:/
2024-08-06T12:36:07.913Z info: GET:/api/test
2024-08-06T12:37:47.620Z info: GET:/
2024-08-06T12:37:47.665Z info: GET:/api/test
2024-08-06T12:40:06.056Z info: GET:/
2024-08-06T12:40:06.100Z info: GET:/api/test
2024-08-06T12:54:58.315Z info: GET:/
2024-08-06T12:54:58.351Z info: GET:/api/test
2024-08-06T12:55:33.608Z info: GET:/
2024-08-06T12:55:33.666Z info: GET:/api/test
2024-08-06T12:58:22.215Z info: GET:/
2024-08-06T12:58:22.247Z info: GET:/api/test
2024-08-07T07:39:44.543Z info: GET:/
2024-08-07T07:39:44.636Z info: GET:/api/test
2024-08-08T09:38:42.965Z info: GET:/
2024-08-08T09:38:43.011Z info: GET:/api/test
2024-08-08T09:43:34.257Z info: GET:/
2024-08-08T09:43:34.317Z info: GET:/api/test
2024-08-08T09:47:56.314Z info: GET:/
2024-08-08T09:47:56.402Z info: GET:/api/test
2024-08-08T09:49:59.252Z info: GET:/
2024-08-08T09:49:59.361Z info: GET:/api/test
2024-08-08T09:50:53.326Z info: GET:/
2024-08-08T09:50:53.389Z info: GET:/api/test
2024-08-08T09:54:20.004Z info: GET:/
2024-08-08T09:54:20.085Z info: GET:/api/test
2024-08-08T09:58:00.890Z info: GET:/
2024-08-08T09:58:00.982Z info: GET:/api/test
2024-08-08T10:01:57.432Z info: GET:/
2024-08-08T10:01:57.568Z info: GET:/api/test
2024-08-08T10:06:51.203Z info: GET:/
2024-08-08T10:06:51.304Z info: GET:/api/test
2024-08-08T10:11:25.011Z info: GET:/
2024-08-08T10:11:25.053Z info: GET:/api/test
2024-08-08T10:14:13.130Z info: GET:/
2024-08-08T10:14:13.192Z info: GET:/api/test
2024-08-08T10:17:16.378Z info: GET:/
2024-08-08T10:17:16.433Z info: GET:/api/test
2024-08-08T10:18:36.030Z info: GET:/
2024-08-08T10:18:36.083Z info: GET:/api/test
2024-08-08T10:20:32.398Z info: GET:/
2024-08-08T10:20:32.474Z info: GET:/api/test
2024-08-08T10:23:56.888Z info: GET:/
2024-08-08T10:23:56.984Z info: GET:/api/test
2024-08-08T10:42:42.235Z info: GET:/
2024-08-08T10:42:42.383Z info: GET:/api/test
2024-08-08T10:44:55.998Z info: GET:/
2024-08-08T10:44:56.054Z info: GET:/api/test
2024-08-14T06:24:33.590Z info: GET:/
2024-08-14T06:24:33.785Z info: GET:/api/test
2024-08-14T06:27:30.465Z info: GET:/
2024-08-14T06:27:30.571Z info: GET:/api/test
2024-08-14T06:32:03.225Z info: GET:/
2024-08-14T06:32:03.312Z info: GET:/api/test
2024-08-14T06:32:58.216Z info: GET:/
2024-08-14T06:32:58.377Z info: GET:/api/test
2024-08-14T06:36:40.783Z info: GET:/
2024-08-14T06:36:40.880Z info: GET:/api/test
2024-08-14T06:39:00.100Z info: GET:/api/appointments/9
2024-08-14T06:40:47.157Z info: GET:/api/appointments/9
2024-08-14T06:44:53.678Z info: GET:/api/appointments/9
2024-08-14T06:47:38.263Z info: GET:/api/appointments/9
2024-08-14T06:48:16.461Z info: GET:/api/appointments/9
2024-08-14T06:49:07.371Z info: GET:/
2024-08-14T06:49:07.459Z info: GET:/api/test
2024-08-14T06:52:35.372Z info: GET:/
2024-08-14T06:52:35.452Z info: GET:/api/test
2024-08-14T06:55:52.901Z info: GET:/
2024-08-14T06:55:53.075Z info: GET:/api/test
2024-08-14T06:58:12.676Z info: GET:/
2024-08-14T06:58:12.736Z info: GET:/api/test
2024-08-14T07:00:10.060Z info: GET:/
2024-08-14T07:00:10.173Z info: GET:/api/test
2024-08-14T07:01:58.106Z info: GET:/
2024-08-14T07:01:58.176Z info: GET:/api/test
2024-08-14T07:03:25.286Z info: GET:/
2024-08-14T07:03:25.443Z info: GET:/api/test
2024-08-14T07:05:33.485Z info: GET:/
2024-08-14T07:05:33.549Z info: GET:/api/test
2024-08-14T07:06:11.899Z info: DELETE:/api/appointments/10
2024-08-14T07:06:22.325Z info: POST:/api/auth/register
2024-08-14T07:06:38.799Z info: POST:/api/appointments
2024-08-14T07:06:58.444Z info: DELETE:/api/appointments/10
2024-08-14T07:08:25.143Z info: GET:/
2024-08-14T07:08:25.244Z info: GET:/api/test
2024-08-14T07:10:58.057Z info: POST:/api/appointments
2024-08-14T07:11:50.146Z info: POST:/api/appointments
2024-08-14T07:12:33.205Z info: DELETE:/api/appointments/4
2024-08-14T07:13:58.942Z info: POST:/api/appointments
2024-08-14T07:14:27.529Z info: POST:/api/appointments
2024-08-14T07:15:07.116Z info: POST:/api/auth/register
2024-08-14T07:16:01.012Z info: POST:/api/appointments
2024-08-14T07:16:33.786Z info: DELETE:/api/appointments/5
2024-08-14T07:19:53.703Z info: DELETE:/api/appointments/5
2024-08-14T07:24:19.858Z info: DELETE:/api/appointments/5
2024-08-14T07:25:47.039Z info: DELETE:/api/appointments/5
2024-08-14T07:26:42.964Z info: DELETE:/api/appointments/5
2024-08-14T07:31:46.861Z info: DELETE:/api/appointments/5
2024-08-14T07:32:48.337Z info: POST:/api/appointments
2024-08-14T07:33:32.532Z info: POST:/api/appointments
2024-08-14T07:33:46.236Z info: DELETE:/api/appointments/6
2024-08-14T07:35:13.548Z info: POST:/api/appointments
2024-08-14T07:37:11.985Z info: POST:/api/appointments
2024-08-14T07:38:01.867Z info: POST:/api/appointments
2024-08-14T19:28:53.817Z info: POST:/api/auth/login
2024-08-14T19:32:35.581Z info: POST:/api/auth/register
2024-08-14T19:32:44.345Z info: POST:/api/auth/login
2024-08-14T19:34:13.311Z info: POST:/api/appointments
2024-08-14T19:53:15.068Z info: POST:/api/auth/register
2024-08-14T19:53:24.012Z info: POST:/api/auth/login
2024-08-14T19:53:38.214Z info: GET:/api/doctors
2024-08-14T19:53:48.955Z info: GET:/api/doctors?specialization=Cardiology
2024-08-14T19:54:01.652Z info: GET:/api/doctors/1
2024-08-14T19:54:12.517Z info: POST:/api/appointments
2024-08-14T19:54:23.019Z info: POST:/api/appointments
2024-08-14T20:00:15.270Z info: POST:/api/appointments
2024-08-14T20:00:35.725Z info: POST:/api/appointments
2024-08-14T20:01:31.383Z info: POST:/api/appointments
2024-08-14T20:03:02.544Z info: PUT:/api/appointments
2024-08-14T20:07:19.075Z info: PUT:/api/appointments
2024-08-14T20:09:49.924Z info: PUT:/api/appointments
2024-08-14T20:11:17.252Z info: PUT:/api/appointments
2024-08-14T20:13:22.317Z info: PUT:/api/appointments
2024-08-14T20:15:35.239Z info: PUT:/api/appointments/10
2024-08-14T20:17:35.088Z info: PUT:/api/appointments/10
2024-08-14T20:19:36.776Z info: PUT:/api/appointments/10
2024-08-14T20:22:48.346Z info: PUT:/api/appointments/10
2024-08-14T20:23:50.793Z info: GET:/api/appointments/4
2024-08-14T20:25:42.609Z info: PUT:/api/appointments/3
2024-08-14T20:28:24.189Z info: PUT:/api/appointments/3
2024-08-14T20:28:40.212Z info: PUT:/api/appointments/3
2024-08-14T20:29:01.057Z info: PUT:/api/appointments/3
2024-08-14T20:29:18.117Z info: GET:/api/appointments/4
2024-08-14T20:29:47.920Z info: DELETE:/api/appointments/3
2024-08-14T20:31:21.699Z info: DELETE:/api/appointments/3
2024-08-14T20:32:09.789Z info: GET:/
2024-08-14T20:32:10.032Z info: GET:/api/test
2024-08-15T10:22:06.874Z info: GET:/
2024-08-15T10:22:06.917Z info: GET:/api/test
2024-08-15T10:33:33.348Z info: POST:/api/auth/login
2024-08-15T10:33:40.851Z info: GET:/api/doctors
2024-08-15T10:33:47.388Z info: GET:/api/doctors?specialization=Cardiology
2024-08-15T10:33:54.118Z info: GET:/api/doctors/1
2024-08-15T10:42:47.081Z info: GET:/api/doctors
2024-08-15T10:45:52.610Z info: GET:/api/doctors
2024-08-15T10:46:02.559Z info: GET:/api/doctors?specialization=Cardiology
2024-08-15T10:46:10.266Z info: GET:/api/doctors/1
2024-08-15T10:46:32.813Z info: POST:/api/appointments
2024-08-15T10:49:32.318Z info: POST:/api/appointments
2024-08-15T10:49:56.070Z info: POST:/api/appointments
2024-08-15T10:50:38.522Z info: GET:/api/doctors/1
2024-08-15T10:51:29.885Z info: POST:/api/appointments
2024-08-15T20:05:21.924Z info: POST:/api/auth/register
2024-08-15T20:05:30.034Z info: POST:/api/auth/login
2024-08-15T20:05:35.332Z info: GET:/api/doctors
2024-08-15T20:05:41.236Z info: GET:/api/doctors?specialization=Cardiology
2024-08-15T20:05:51.382Z info: GET:/api/doctors/1
2024-08-15T20:06:59.045Z info: POST:/api/appointments
2024-08-15T20:07:29.303Z info: PUT:/api/appointments/5
2024-08-15T20:07:45.241Z info: GET:/api/appointments/5
2024-08-15T20:07:56.665Z info: DELETE:/api/appointments/5
2024-08-15T20:08:07.450Z info: GET:/api/appointments/5
2024-08-15T20:12:43.575Z info: POST:/api/appointments
2024-08-15T20:17:29.954Z info: POST:/api/appointments
2024-08-15T20:17:38.480Z info: POST:/api/appointments
2024-08-15T20:18:00.105Z info: PUT:/api/appointments/6
2024-08-15T20:18:07.933Z info: POST:/api/appointments
2024-08-15T20:18:13.686Z info: GET:/api/appointments/5
2024-08-15T20:18:26.331Z info: DELETE:/api/appointments/7
2024-08-15T20:21:08.490Z info: DELETE:/api/appointments/7
2024-08-15T20:25:29.704Z info: DELETE:/api/appointments/7
2024-08-15T20:26:17.141Z info: POST:/api/appointments
2024-08-15T20:26:21.956Z info: DELETE:/api/appointments/8
2024-08-15T20:27:34.785Z info: POST:/api/appointments
2024-08-15T20:27:41.159Z info: DELETE:/api/appointments/9
2024-08-15T20:29:05.833Z info: POST:/api/appointments
2024-08-15T20:29:12.619Z info: PUT:/api/appointments/10
2024-08-15T20:29:23.132Z info: PUT:/api/appointments/10
2024-08-15T20:29:34.625Z info: POST:/api/appointments
2024-08-15T20:29:43.104Z info: DELETE:/api/appointments/11
2024-08-15T20:31:13.091Z info: GET:/
2024-08-15T20:31:13.182Z info: GET:/api/test
2024-08-15T20:35:15.566Z info: GET:/
2024-08-15T20:35:15.623Z info: GET:/api/test
2024-08-15T20:38:40.720Z info: GET:/
2024-08-15T20:38:40.763Z info: GET:/api/test
2024-08-15T20:49:14.747Z info: GET:/
2024-08-15T20:49:14.852Z info: GET:/api/test
2024-08-15T20:51:30.709Z info: GET:/
2024-08-15T20:51:30.740Z info: GET:/api/test
2024-08-16T06:02:15.838Z info: GET:/
2024-08-16T06:02:15.890Z info: GET:/api/test
2024-08-16T10:04:23.065Z info: GET:/
2024-08-16T10:04:23.120Z info: GET:/api/test
2024-08-16T10:05:29.498Z info: GET:/
2024-08-16T10:05:29.532Z info: GET:/api/test
2024-08-16T10:07:18.105Z info: GET:/
2024-08-16T10:07:18.128Z info: GET:/api/test
2024-08-16T10:12:20.753Z info: GET:/
2024-08-16T10:12:20.829Z info: GET:/api/test
2024-08-16T10:13:05.300Z info: GET:/
2024-08-16T10:13:05.389Z info: GET:/api/test
2024-08-16T10:15:11.214Z info: GET:/
2024-08-16T10:15:11.297Z info: GET:/api/test
2024-08-16T10:16:49.935Z info: GET:/
2024-08-16T10:16:50.061Z info: GET:/api/test
2024-08-16T10:19:16.755Z info: GET:/
2024-08-16T10:19:16.850Z info: GET:/api/test
2024-08-16T10:21:07.793Z info: GET:/
2024-08-16T10:21:08.088Z info: GET:/api/test
2024-08-16T10:22:35.694Z info: GET:/
2024-08-16T10:22:35.791Z info: GET:/api/test
2024-08-16T10:23:30.706Z info: GET:/
2024-08-16T10:23:30.770Z info: GET:/api/test
2024-08-16T10:27:45.944Z info: GET:/
2024-08-16T10:27:46.057Z info: GET:/api/test
2024-08-16T10:33:49.922Z info: GET:/
2024-08-16T10:33:50.049Z info: GET:/api/test
2024-08-16T10:35:51.067Z info: GET:/
2024-08-16T10:35:51.189Z info: GET:/api/test
2024-08-16T10:37:04.826Z info: GET:/
2024-08-16T10:37:05.060Z info: GET:/api/test
2024-08-16T10:39:34.108Z info: GET:/
2024-08-16T10:39:34.195Z info: GET:/api/test
2024-08-16T10:42:10.360Z info: GET:/
2024-08-16T10:42:10.494Z info: GET:/api/test
2024-08-16T10:43:13.073Z info: GET:/
2024-08-16T10:43:13.170Z info: GET:/api/test
2024-08-16T10:50:38.011Z info: GET:/
2024-08-16T10:50:38.096Z info: GET:/api/test
2024-08-16T10:53:13.551Z info: GET:/
2024-08-16T10:53:13.648Z info: GET:/api/test
2024-08-16T10:53:19.840Z info: GET:/
2024-08-16T10:58:42.973Z info: GET:/
2024-08-16T10:58:43.106Z info: GET:/api/test
2024-08-16T10:58:45.670Z info: GET:/
2024-08-16T11:00:28.695Z info: GET:/
2024-08-16T11:00:28.824Z info: GET:/api/test
2024-08-16T11:00:31.131Z info: GET:/
2024-08-16T11:09:32.871Z info: GET:/
2024-08-16T11:09:33.023Z info: GET:/api/test
2024-08-16T11:09:33.765Z info: GET:/
2024-08-16T11:25:38.920Z info: GET:/
2024-08-16T11:25:39.942Z info: GET:/api/test
2024-08-16T11:25:42.649Z info: GET:/
2024-08-16T11:26:47.378Z info: GET:/
2024-08-16T11:26:47.574Z info: GET:/api/test
2024-08-16T11:26:48.012Z info: GET:/
2024-08-16T11:41:56.245Z info: GET:/
2024-08-16T11:41:56.481Z info: GET:/api/test
2024-08-16T11:41:58.068Z info: GET:/
2024-08-16T11:46:54.537Z info: GET:/
2024-08-16T11:46:54.618Z info: GET:/api/test
2024-08-16T11:46:55.929Z info: GET:/
2024-08-16T11:47:41.610Z info: GET:/
2024-08-16T11:47:41.868Z info: GET:/api/test
2024-08-16T11:47:43.173Z info: GET:/
2024-08-16T11:53:44.062Z info: GET:/
2024-08-16T11:53:44.356Z info: GET:/api/test
2024-08-16T11:53:52.427Z info: GET:/
2024-08-16T12:53:05.591Z info: GET:/
2024-08-16T12:53:05.703Z info: GET:/api/test
2024-08-16T12:53:06.972Z info: GET:/
2024-08-16T12:55:37.438Z info: GET:/
2024-08-16T12:55:37.529Z info: GET:/api/test
2024-08-16T12:55:38.100Z info: GET:/
2024-08-16T12:57:02.599Z info: GET:/
2024-08-16T12:57:02.741Z info: GET:/api/test
2024-08-16T12:57:03.845Z info: GET:/
2024-08-16T13:04:09.256Z info: GET:/
2024-08-16T13:04:09.411Z info: GET:/api/test
2024-08-16T13:04:13.879Z info: GET:/
2024-08-16T13:07:04.878Z info: GET:/
2024-08-16T13:07:04.967Z info: GET:/api/test
2024-08-16T13:07:05.146Z info: GET:/
2024-08-16T13:09:00.072Z info: GET:/
2024-08-16T13:09:00.165Z info: GET:/api/test
2024-08-16T13:09:01.527Z info: GET:/
2024-08-16T13:10:53.802Z info: GET:/
2024-08-16T13:10:53.892Z info: GET:/api/test
2024-08-16T13:10:55.134Z info: GET:/
2024-08-16T13:12:34.403Z info: GET:/
2024-08-16T13:12:34.485Z info: GET:/api/test
2024-08-16T13:12:35.445Z info: GET:/
2024-08-16T13:14:48.624Z info: GET:/
2024-08-16T13:14:48.694Z info: GET:/api/test
2024-08-16T13:14:49.247Z info: GET:/
2024-08-16T13:16:19.491Z info: GET:/
2024-08-16T13:16:19.566Z info: GET:/api/test
2024-08-16T13:16:21.268Z info: GET:/
2024-08-16T13:23:50.759Z info: GET:/
2024-08-16T13:23:50.842Z info: GET:/api/test
2024-08-16T13:23:51.283Z info: GET:/
2024-08-16T13:25:22.207Z info: GET:/
2024-08-16T13:25:22.313Z info: GET:/api/test
2024-08-16T13:25:22.784Z info: GET:/
2024-08-16T13:26:00.216Z info: GET:/
2024-08-16T13:26:00.294Z info: GET:/api/test
2024-08-16T13:26:00.719Z info: GET:/
2024-08-20T06:32:31.796Z info: POST:/api/auth/register
2024-08-20T06:34:53.781Z info: GET:/api/doctors
2024-08-29T11:12:59.562Z info: POST:/api/auth/register
2024-08-29T11:13:06.252Z info: GET:/api/doctors?specialization=Cardiology
2024-08-29T14:32:35.596Z info: GET:/
2024-08-29T14:32:35.708Z info: GET:/api/test
2024-08-29T14:32:36.884Z info: GET:/
